MPASM 5.87                        NOMBRE.ASM   10-21-2020  20:56:23         PAGE  1


LOC  OBJECT CODE     LINE SOURCE TEXT
  VALUE

                      00001 #include "p16F628a.inc"
                      00001         LIST
                      00002 
                      00003 ;==========================================================================
                      00004 ; Build date : Jan 06 2020
                      00005 ;  MPASM PIC16F628A processor include
                      00006 ; 
                      00007 ;  (c) Copyright 1999-2020 Microchip Technology, All rights reserved
                      00008 ;==========================================================================
                      00009 
                      00386         LIST
2007   3F19           00002  __CONFIG _FOSC_INTOSCCLK & _WDTE_OFF & _PWRTE_OFF & _MCLRE_OFF & _BOREN_OFF & _LVP_OFF & _CPD_OFF & _CP
                            _OFF
                      00003 ;Se configura todo apagado
                      00004 
                      00005 RES_VECT CODE 0x0000 ; processor reset vector
Warning[203]: Found opcode in column 1. (GOTO)
0000   2???           00006 GOTO START ; go to beginning of program
                      00007 ; TODO ADD INTERRUPTS HERE IF USED
                      00008 MAIN_PROG CODE ; let linker place main program
                      00009 
                      00010  
  00000030            00011 i equ 0x30;Identificadores
  00000031            00012 j equ 0x31;Identificadores
  00000032            00013 k equ 0x32;Identificadores
  00000033            00014 e equ 0x33
                      00015  
0000                  00016 START
0000   3007           00017     MOVLW 0x07;Apagar comparadores en este caso es del 0-7
0001   009F           00018     MOVWF CMCON;Y establecer los pines como entrada y salida
0002   1303           00019     BCF STATUS, RP1 ;
0003   1683           00020     BSF STATUS, RP0 ;Encender un bit del registro F
0004   3000           00021     MOVLW b'00000000'
Message[302]: Register in operand not in bank 0.  Ensure that bank bits are correct.
0005   0086           00022     MOVWF TRISB ;Registro donde les decimos si es entrada o salida
0006   1283           00023     BCF STATUS, RP0 ;Apgao y regeso todo a lo normal
                      00024 
                      00025 
0007                  00026 inicio:
0007   1406           00027     BSF PORTB,0
0008   2???           00028     call tiempo2;357ms
0009   1006           00029     BCF PORTB,0
000A   2???           00030     call tiempo1;643ms
000B   2???           00031     GOTO inicio
                      00032     
000C                  00033 tiempo1:
000C   300A           00034     MOVLW d'10'
000D   0000           00035     nop
000E   0000           00036     nop
000F   00B0           00037     MOVWF i ;Movemos el 255 a i
0010                  00038 loopj:    
0010   3063           00039     MOVLW d'99'
0011   0000           00040     nop
MPASM 5.87                        NOMBRE.ASM   10-21-2020  20:56:23         PAGE  2


LOC  OBJECT CODE     LINE SOURCE TEXT
  VALUE

0012   0000           00041     nop
0013   0000           00042     nop
0014   0000           00043     nop
0015   0000           00044     nop
0016   0000           00045     nop
0017   0000           00046     nop
0018   0000           00047     nop
0019   0000           00048     nop
001A   0000           00049     nop
001B   0000           00050     nop
001C   0000           00051     nop
001D   0000           00052     nop
001E   0000           00053     nop
001F   0000           00054     nop
0020   0000           00055     nop
0021   0000           00056     nop
0022   0000           00057     nop
0023   0000           00058     nop
0024   0000           00059     nop
0025   0000           00060     nop
0026   0000           00061     nop
0027   0000           00062     nop
0028   0000           00063     nop
0029   0000           00064     nop
002A   0000           00065     nop
002B   0000           00066     nop
002C   0000           00067     nop
002D   0000           00068     nop
002E   0000           00069     nop
002F   0000           00070     nop
0030   0000           00071     nop
0031   0000           00072     nop
0032   0000           00073     nop
0033   0000           00074     nop
0034   0000           00075     nop
0035   0000           00076     nop
0036   0000           00077     nop
0037   0000           00078     nop
0038   0000           00079     nop
0039   0000           00080     nop
003A   0000           00081     nop
003B   0000           00082     nop
003C   0000           00083     nop
003D   00B1           00084     MOVWF j ;Movemos el 255 a j
003E                  00085 loopk: 
003E   30D7           00086     MOVLW d'215'
003F   00B2           00087     MOVWF k ;Movemos el 255 a k
                      00088     ;Decrementaremos k porque es el mas anidado es decir mas adentro
Message[305]: Using default destination of 1 (file).
0040   0BB2           00089     DECFSZ k ;Decrementar hasta que de 0 por default 
                      00090     ;la primera instruccion es la que hara hasta que llegue a 0 la 2 es lo que hara despues de estar en 
                            0
0041   2???           00091     GOTO $-1 ;Regresar a la instruccion anterio con $-1
MPASM 5.87                        NOMBRE.ASM   10-21-2020  20:56:23         PAGE  3


LOC  OBJECT CODE     LINE SOURCE TEXT
  VALUE

Message[305]: Using default destination of 1 (file).
0042   0BB1           00092     DECFSZ j;Cuando ya llego 0 entra a aqui
0043   2???           00093     GOTO loopk
Message[305]: Using default destination of 1 (file).
0044   0BB0           00094     DECFSZ i
0045   2???           00095     GOTO loopj
0046   0008           00096     return
                      00097     
                      00098     
0047                  00099 tiempo2:
0047   300A           00100     MOVLW d'10'
0048   0000           00101     nop
0049   0000           00102     nop
004A   0000           00103     nop
004B   0000           00104     nop
004C   00B0           00105     MOVWF i ;Movemos el 255 a i
004D                  00106 loopj2:    
004D   3065           00107     MOVLW d'101'    
004E   0000           00108     nop
004F   0000           00109     nop
0050   0000           00110     nop
0051   0000           00111     nop
0052   0000           00112     nop
0053   0000           00113     nop
0054   0000           00114     nop
0055   0000           00115     nop
0056   0000           00116     nop
0057   0000           00117     nop
0058   0000           00118     nop
0059   0000           00119     nop
005A   0000           00120     nop
005B   0000           00121     nop
005C   0000           00122     nop
005D   0000           00123     nop
005E   0000           00124     nop
005F   0000           00125     nop
0060   0000           00126     nop
0061   0000           00127     nop
0062   0000           00128     nop
0063   0000           00129     nop
0064   0000           00130     nop
0065   0000           00131     nop
0066   0000           00132     nop
0067   0000           00133     nop
0068   0000           00134     nop
0069   0000           00135     nop
006A   0000           00136     nop
006B   0000           00137     nop
006C   0000           00138     nop
006D   0000           00139     nop
006E   0000           00140     nop
006F   0000           00141     nop
0070   0000           00142     nop
MPASM 5.87                        NOMBRE.ASM   10-21-2020  20:56:23         PAGE  4


LOC  OBJECT CODE     LINE SOURCE TEXT
  VALUE

0071   0000           00143     nop
0072   0000           00144     nop
0073   0000           00145     nop
0074   0000           00146     nop
0075   0000           00147     nop
0076   0000           00148     nop
0077   0000           00149     nop
0078   00B1           00150     MOVWF j ;Movemos el 255 a j
0079                  00151 loopk2: 
0079   3074           00152     MOVLW d'116'
007A   0000           00153     nop
007B   00B2           00154     MOVWF k ;Movemos el 255 a k
                      00155     ;Decrementaremos k porque es el mas anidado es decir mas adentro
Message[305]: Using default destination of 1 (file).
007C   0BB2           00156     DECFSZ k ;Decrementar hasta que de 0 por default 
                      00157     ;la primera instruccion es la que hara hasta que llegue a 0 la 2 es lo que hara despues de estar en 
                            0
007D   2???           00158     GOTO $-1 ;Regresar a la instruccion anterio con $-1
Message[305]: Using default destination of 1 (file).
007E   0BB1           00159     DECFSZ j;Cuando ya llego 0 entra a aqui
007F   2???           00160     GOTO loopk2
Message[305]: Using default destination of 1 (file).
0080   0BB0           00161     DECFSZ i
0081   2???           00162     GOTO loopj2
0082   0008           00163     return
                      00164     
Warning[205]: Found directive in column 1. (END)
3F19                  00165 END
MPASM 5.87                        NOMBRE.ASM   10-21-2020  20:56:23         PAGE  5


SYMBOL TABLE
  LABEL                             VALUE 

ADDEN                             00000003
ADEN                              00000003
BRGH                              00000002
C                                 00000000
C1INV                             00000004
C1OUT                             00000006
C2INV                             00000005
C2OUT                             00000007
CCP1CON                           00000017
CCP1IE                            00000002
CCP1IF                            00000002
CCP1M0                            00000000
CCP1M1                            00000001
CCP1M2                            00000002
CCP1M3                            00000003
CCP1X                             00000005
CCP1Y                             00000004
CCPR1                             00000015
CCPR1H                            00000016
CCPR1L                            00000015
CIS                               00000003
CM0                               00000000
CM1                               00000001
CM2                               00000002
CMCON                             0000001F
CMIE                              00000006
CMIF                              00000006
CREN                              00000004
CSRC                              00000007
DATA_CP_OFF                       00003FFF
DATA_CP_ON                        00003EFF
DC                                00000001
EEADR                             0000009B
EECON1                            0000009C
EECON2                            0000009D
EEDATA                            0000009A
EEIE                              00000007
EEIF                              00000007
F                                 00000001
FERR                              00000002
FSR                               00000004
GIE                               00000007
INDF                              00000000
INTCON                            0000000B
INTE                              00000004
INTEDG                            00000006
INTF                              00000001
IRP                               00000007
NOT_BO                            00000000
NOT_BOD                           00000000
NOT_BOR                           00000000
NOT_PD                            00000003
NOT_POR                           00000001
MPASM 5.87                        NOMBRE.ASM   10-21-2020  20:56:23         PAGE  6


SYMBOL TABLE
  LABEL                             VALUE 

NOT_RBPU                          00000007
NOT_T1SYNC                        00000002
NOT_TO                            00000004
OERR                              00000001
OPTION_REG                        00000081
OSCF                              00000003
PCL                               00000002
PCLATH                            0000000A
PCON                              0000008E
PEIE                              00000006
PIE1                              0000008C
PIR1                              0000000C
PORTA                             00000005
PORTB                             00000006
PR2                               00000092
PS0                               00000000
PS1                               00000001
PS2                               00000002
PSA                               00000003
RA0                               00000000
RA1                               00000001
RA2                               00000002
RA3                               00000003
RA4                               00000004
RA5                               00000005
RA6                               00000006
RA7                               00000007
RB0                               00000000
RB1                               00000001
RB2                               00000002
RB3                               00000003
RB4                               00000004
RB5                               00000005
RB6                               00000006
RB7                               00000007
RBIE                              00000003
RBIF                              00000000
RCIE                              00000005
RCIF                              00000005
RCREG                             0000001A
RCSTA                             00000018
RD                                00000000
RP0                               00000005
RP1                               00000006
RX9                               00000006
RX9D                              00000000
SPBRG                             00000099
SPEN                              00000007
SREN                              00000005
START                             00000000
STATUS                            00000003
SYNC                              00000004
T0CS                              00000005
MPASM 5.87                        NOMBRE.ASM   10-21-2020  20:56:23         PAGE  7


SYMBOL TABLE
  LABEL                             VALUE 

T0IE                              00000005
T0IF                              00000002
T0SE                              00000004
T1CKPS0                           00000004
T1CKPS1                           00000005
T1CON                             00000010
T1OSCEN                           00000003
T2CKPS0                           00000000
T2CKPS1                           00000001
T2CON                             00000012
TMR0                              00000001
TMR0IE                            00000005
TMR0IF                            00000002
TMR1                              0000000E
TMR1CS                            00000001
TMR1H                             0000000F
TMR1IE                            00000000
TMR1IF                            00000000
TMR1L                             0000000E
TMR1ON                            00000000
TMR2                              00000011
TMR2IE                            00000001
TMR2IF                            00000001
TMR2ON                            00000002
TOUTPS0                           00000003
TOUTPS1                           00000004
TOUTPS2                           00000005
TOUTPS3                           00000006
TRISA                             00000085
TRISA0                            00000000
TRISA1                            00000001
TRISA2                            00000002
TRISA3                            00000003
TRISA4                            00000004
TRISA5                            00000005
TRISA6                            00000006
TRISA7                            00000007
TRISB                             00000086
TRISB0                            00000000
TRISB1                            00000001
TRISB2                            00000002
TRISB3                            00000003
TRISB4                            00000004
TRISB5                            00000005
TRISB6                            00000006
TRISB7                            00000007
TRMT                              00000001
TX9                               00000006
TX9D                              00000000
TXEN                              00000005
TXIE                              00000004
TXIF                              00000004
TXREG                             00000019
MPASM 5.87                        NOMBRE.ASM   10-21-2020  20:56:23         PAGE  8


SYMBOL TABLE
  LABEL                             VALUE 

TXSTA                             00000098
VR0                               00000000
VR1                               00000001
VR2                               00000002
VR3                               00000003
VRCON                             0000009F
VREN                              00000007
VROE                              00000006
VRR                               00000005
W                                 00000000
WR                                00000001
WREN                              00000002
WRERR                             00000003
Z                                 00000002
_BODEN_OFF                        00003FBF
_BODEN_ON                         00003FFF
_BOREN_OFF                        00003FBF
_BOREN_ON                         00003FFF
_CONFIG                           00002007
_CPD_OFF                          00003FFF
_CPD_ON                           00003EFF
_CP_OFF                           00003FFF
_CP_ON                            00001FFF
_DEVID1                           00002006
_ER_OSC_CLKOUT                    00003FFF
_ER_OSC_NOCLKOUT                  00003FFE
_EXTCLK_OSC                       00003FEF
_FOSC_ECIO                        00003FEF
_FOSC_EXTRCCLK                    00003FFF
_FOSC_EXTRCIO                     00003FFE
_FOSC_HS                          00003FEE
_FOSC_INTOSCCLK                   00003FFD
_FOSC_INTOSCIO                    00003FFC
_FOSC_LP                          00003FEC
_FOSC_XT                          00003FED
_HS_OSC                           00003FEE
_IDLOC0                           00002000
_IDLOC1                           00002001
_IDLOC2                           00002002
_IDLOC3                           00002003
_INTOSC_OSC_CLKOUT                00003FFD
_INTOSC_OSC_NOCLKOUT              00003FFC
_INTRC_OSC_CLKOUT                 00003FFD
_INTRC_OSC_NOCLKOUT               00003FFC
_LP_OSC                           00003FEC
_LVP_OFF                          00003F7F
_LVP_ON                           00003FFF
_MAIN_PROG_0041                   00000041
_MAIN_PROG_007D                   0000007D
_MCLRE_OFF                        00003FDF
_MCLRE_ON                         00003FFF
_PWRTE_OFF                        00003FFF
_PWRTE_ON                         00003FF7
MPASM 5.87                        NOMBRE.ASM   10-21-2020  20:56:23         PAGE  9


SYMBOL TABLE
  LABEL                             VALUE 

_RC_OSC_CLKOUT                    00003FFF
_RC_OSC_NOCLKOUT                  00003FFE
_WDTE_OFF                         00003FFB
_WDTE_ON                          00003FFF
_WDT_OFF                          00003FFB
_WDT_ON                           00003FFF
_XT_OSC                           00003FED
__16F628A                         00000001
__DEBUG                           
__MPLAB_DEBUGGER_SIMULATOR        1
e                                 00000033
i                                 00000030
inicio                            00000007
j                                 00000031
k                                 00000032
loopj                             00000010
loopj2                            0000004D
loopk                             0000003E
loopk2                            00000079
tiempo1                           0000000C
tiempo2                           00000047

Errors   :     0
Warnings :     2 reported,     0 suppressed
Messages :     7 reported,     0 suppressed

